GPU Cache Max: 16384
-------------------------------------------------------------------------------
Dumpster Fire Red Output Window
-------------------------------------------------------------------------------
If you can see this window, you are running the game in Debug Mode. This means
that you're either playing a debug version of the game, or you're playing from
within XPX Engine.

Closing this window will close the game. If you want to get rid of this window,
run the program from the Shell, or download a release version of the game.
-------------------------------------------------------------------------------
Debug Output:
-------------------------------------------------------------------------------

[0;33m*** Checking plugins ***[0m

[0;33m  -> [0mCompiling plugin scripts...[0;32mdone[0m
[0;33m  -> [0mLoaded plugin: [0;35mv21.1 Hotfixes[0m (ver. 1.0.9)
[0;33m  -> [0mLoaded plugin: [0;35mPhantombass AI[0m (ver. 1.0.0)
[0;33m  -> [0mLoaded plugin: [0;35mPhantombass Custom Scripts[0m (ver. 1.0.0)
[0;33m  -> [0mLoaded plugin: [0;35mGeneration 9 Pack[0m (ver. 3.3.3)
[0;33m  -> [0mLoaded plugin: [0;35mEncounter List UI (v20)[0m (ver. 1.0.2)
[0;33m  -> [0mLoaded plugin: [0;35mDelta Speed Up[0m (ver. 1.2)
[0;33m  -> [0mLoaded plugin: [0;35mCustomizable Level Cap[0m (ver. 1.3)
[0;33m  -> [0mLoaded plugin: [0;35mHM Catalogue[0m (ver. 2.0)
[0;33m  -> [0mLoaded plugin: [0;35mBOTW-Like Item Gathering v21.1 port[0m (ver. 1.3)
[0;32m  -> [0m[0;32mSuccessfully loaded 9 plugin(s)[0m

[0;33m*** Compiling PBS files ***[0m

[0;33m  -> [0mNot compiled

[0;33m*** Compiling animations ***[0m

[0;33m  -> [0mCompiling animation PBS files....................................................................................................................................................................................................................................................................................................................................................................................................................................................[0;32mdone[0m

[0;33m*** Importing new maps ***[0m

[0;33m  -> [0mNone found

[0;33m*** Modifying map events ***[0m

[0;33m  -> [0mProcessing 221 maps......[0;32mdone[0m
[0;33m  -> [0mProcessing common events...[0;32mdone[0m

[0;33m*** Gathering messages for translations ***[0m

[0;33m  -> [0mFinding messages...[0;32mdone[0m
[0;33m  -> [0mSaving messages...[0;32mdone[0m

[0;33m*** Creating map metadata for maps without it ***[0m

[0;33m  -> [0mNone found

UNSCALED 62.782167 * 3 - 1
GPU Cache Max: 16384
-------------------------------------------------------------------------------
Dumpster Fire Red Output Window
-------------------------------------------------------------------------------
If you can see this window, you are running the game in Debug Mode. This means
that you're either playing a debug version of the game, or you're playing from
within XPX Engine.

Closing this window will close the game. If you want to get rid of this window,
run the program from the Shell, or download a release version of the game.
-------------------------------------------------------------------------------
Debug Output:
-------------------------------------------------------------------------------

[0;33m*** Checking plugins ***[0m

[0;33m  -> [0mPlugins were not compiled
[0;33m  -> [0mLoaded plugin: [0;35mv21.1 Hotfixes[0m (ver. 1.0.9)
[0;33m  -> [0mLoaded plugin: [0;35mPhantombass AI[0m (ver. 1.0.0)
[0;33m  -> [0mLoaded plugin: [0;35mPhantombass Custom Scripts[0m (ver. 1.0.0)
[0;33m  -> [0mLoaded plugin: [0;35mGeneration 9 Pack[0m (ver. 3.3.3)
[0;33m  -> [0mLoaded plugin: [0;35mEncounter List UI (v20)[0m (ver. 1.0.2)
[0;33m  -> [0mLoaded plugin: [0;35mDelta Speed Up[0m (ver. 1.2)
[0;33m  -> [0mLoaded plugin: [0;35mCustomizable Level Cap[0m (ver. 1.3)
[0;33m  -> [0mLoaded plugin: [0;35mHM Catalogue[0m (ver. 2.0)
[0;33m  -> [0mLoaded plugin: [0;35mBOTW-Like Item Gathering v21.1 port[0m (ver. 1.3)
[0;32m  -> [0m[0;32mSuccessfully loaded 9 plugin(s)[0m

[0;33m*** Compiling PBS files ***[0m

[0;33m  -> [0mNot compiled

[0;33m*** Compiling animations ***[0m

[0;33m  -> [0mCompiling animation PBS files....................................................................................................................................................................................................................................................................................................................................................................................................................................................[0;32mdone[0m

[0;33m*** Importing new maps ***[0m

[0;33m  -> [0mNone found

[0;33m*** Modifying map events ***[0m

[0;33m  -> [0mProcessing 221 maps......[0;32mdone[0m
[0;33m  -> [0mProcessing common events...[0;32mdone[0m

[0;33m*** Gathering messages for translations ***[0m

[0;33m  -> [0mFinding messages...[0;32mdone[0m
[0;33m  -> [0mSaving messages...[0;32mdone[0m

[0;33m*** Creating map metadata for maps without it ***[0m

[0;33m  -> [0mNone found

UNSCALED 22.269727 * 3 - 1
GPU Cache Max: 16384
-------------------------------------------------------------------------------
Dumpster Fire Red Output Window
-------------------------------------------------------------------------------
If you can see this window, you are running the game in Debug Mode. This means
that you're either playing a debug version of the game, or you're playing from
within XPX Engine.

Closing this window will close the game. If you want to get rid of this window,
run the program from the Shell, or download a release version of the game.
-------------------------------------------------------------------------------
Debug Output:
-------------------------------------------------------------------------------

[0;33m*** Checking plugins ***[0m

[0;33m  -> [0mPlugins were not compiled
[0;33m  -> [0mLoaded plugin: [0;35mv21.1 Hotfixes[0m (ver. 1.0.9)
[0;33m  -> [0mLoaded plugin: [0;35mPhantombass AI[0m (ver. 1.0.0)
[0;33m  -> [0mLoaded plugin: [0;35mPhantombass Custom Scripts[0m (ver. 1.0.0)
[0;33m  -> [0mLoaded plugin: [0;35mGeneration 9 Pack[0m (ver. 3.3.3)
[0;33m  -> [0mLoaded plugin: [0;35mEncounter List UI (v20)[0m (ver. 1.0.2)
[0;33m  -> [0mLoaded plugin: [0;35mDelta Speed Up[0m (ver. 1.2)
[0;33m  -> [0mLoaded plugin: [0;35mCustomizable Level Cap[0m (ver. 1.3)
[0;33m  -> [0mLoaded plugin: [0;35mHM Catalogue[0m (ver. 2.0)
[0;33m  -> [0mLoaded plugin: [0;35mBOTW-Like Item Gathering v21.1 port[0m (ver. 1.3)
[0;32m  -> [0m[0;32mSuccessfully loaded 9 plugin(s)[0m

[0;33m*** Compiling PBS files ***[0m

[0;33m  -> [0mNot compiled

[0;33m*** Compiling animations ***[0m

[0;33m  -> [0mCompiling animation PBS files....................................................................................................................................................................................................................................................................................................................................................................................................................................................[0;32mdone[0m

[0;33m*** Importing new maps ***[0m

[0;33m  -> [0mNone found

[0;33m*** Modifying map events ***[0m

[0;33m  -> [0mProcessing 221 maps......[0;32mdone[0m
[0;33m  -> [0mProcessing common events...[0;32mdone[0m

[0;33m*** Gathering messages for translations ***[0m

[0;33m  -> [0mFinding messages...[0;32mdone[0m
[0;33m  -> [0mSaving messages...[0;32mdone[0m

[0;33m*** Creating map metadata for maps without it ***[0m

[0;33m  -> [0mNone found

UNSCALED 33.472327 * 3 - 1
GPU Cache Max: 16384
-------------------------------------------------------------------------------
Dumpster Fire Red Output Window
-------------------------------------------------------------------------------
If you can see this window, you are running the game in Debug Mode. This means
that you're either playing a debug version of the game, or you're playing from
within XPX Engine.

Closing this window will close the game. If you want to get rid of this window,
run the program from the Shell, or download a release version of the game.
-------------------------------------------------------------------------------
Debug Output:
-------------------------------------------------------------------------------

[0;33m*** Checking plugins ***[0m

[0;33m  -> [0mPlugins were not compiled
[0;33m  -> [0mLoaded plugin: [0;35mv21.1 Hotfixes[0m (ver. 1.0.9)
[0;33m  -> [0mLoaded plugin: [0;35mPhantombass AI[0m (ver. 1.0.0)
[0;33m  -> [0mLoaded plugin: [0;35mPhantombass Custom Scripts[0m (ver. 1.0.0)
[0;33m  -> [0mLoaded plugin: [0;35mGeneration 9 Pack[0m (ver. 3.3.3)
[0;33m  -> [0mLoaded plugin: [0;35mEncounter List UI (v20)[0m (ver. 1.0.2)
[0;33m  -> [0mLoaded plugin: [0;35mDelta Speed Up[0m (ver. 1.2)
[0;33m  -> [0mLoaded plugin: [0;35mCustomizable Level Cap[0m (ver. 1.3)
[0;33m  -> [0mLoaded plugin: [0;35mHM Catalogue[0m (ver. 2.0)
[0;33m  -> [0mLoaded plugin: [0;35mBOTW-Like Item Gathering v21.1 port[0m (ver. 1.3)
[0;32m  -> [0m[0;32mSuccessfully loaded 9 plugin(s)[0m

[0;33m*** Compiling PBS files ***[0m

[0;33m  -> [0mNot compiled

[0;33m*** Compiling animations ***[0m

[0;33m  -> [0mCompiling animation PBS files....................................................................................................................................................................................................................................................................................................................................................................................................................................................[0;32mdone[0m

[0;33m*** Importing new maps ***[0m

[0;33m  -> [0mNone found

[0;33m*** Modifying map events ***[0m

[0;33m  -> [0mProcessing 221 maps......[0;32mdone[0m
[0;33m  -> [0mProcessing common events...[0;32mdone[0m

[0;33m*** Gathering messages for translations ***[0m

[0;33m  -> [0mFinding messages...[0;32mdone[0m
[0;33m  -> [0mSaving messages...[0;32mdone[0m

[0;33m*** Creating map metadata for maps without it ***[0m

[0;33m  -> [0mNone found

UNSCALED 18.294532 * 3 - 1
Roles for YANMA: [:NONE]

================================================================

[Started battle] Single trainer battle (1 trainer(s) vs. 1 trainer(s))
[0;1;30m"You are challenged by Rival Blue!"[0m
[0;1;30m"Rival Blue sent out Yanma!"[0m
[0;1;30m"Go! Trubbish!"[0m
[Round order] Trubbish (0), the opposing Yanma (1)

[0;1;35m===== Round 1 =====[0m

[AI Threat Assessment: Trubbish] -1: for us outspeeding
Set up score for Trubbish (0): 0
     Threat Score for Trubbish (0): -1
     Checking flags...
     No flags found.
     Setting flags...
     Offensive Move Count: 1
     Priority Move Count: 0
     Trubbish (0) has been assigned No Priority flag
     End flag assignment.
[AI] Yanma (1) is considering using Sonic Boom (1) against Trubbish (0)...
     Yanma (1)'s highest damaging move vs Trubbish: Sonic Boom
     + 4 to prioritize highest damaging move
[AI] Move choices for Yanma (1):
   * 100.0%% to use Sonic Boom (target 0): score 5
   => will use Sonic Boom (target 0)

[Round order] Trubbish (0), the opposing Yanma (1)

[Use move] Trubbish (0) used Poison Gas
[0;1;30m"Trubbish used Poison Gas!"[0m
[Move failed] Failed pbAccuracyCheck
[0;1;30m"The opposing Yanma avoided the attack!"[0m
[Use move] The opposing Yanma (1) used Sonic Boom
[0;1;30m"The opposing Yanma used Sonic Boom!"[0m
[HP change] Trubbish lost 20 HP (21 -> 1)

[End of round 1]

[0;1;35m===== Round 2 =====[0m

GPU Cache Max: 16384
-------------------------------------------------------------------------------
Dumpster Fire Red Output Window
-------------------------------------------------------------------------------
If you can see this window, you are running the game in Debug Mode. This means
that you're either playing a debug version of the game, or you're playing from
within XPX Engine.

Closing this window will close the game. If you want to get rid of this window,
run the program from the Shell, or download a release version of the game.
-------------------------------------------------------------------------------
Debug Output:
-------------------------------------------------------------------------------

[0;33m*** Checking plugins ***[0m

[0;33m  -> [0mPlugins were not compiled
[0;33m  -> [0mLoaded plugin: [0;35mv21.1 Hotfixes[0m (ver. 1.0.9)
[0;33m  -> [0mLoaded plugin: [0;35mPhantombass AI[0m (ver. 1.0.0)
[0;33m  -> [0mLoaded plugin: [0;35mPhantombass Custom Scripts[0m (ver. 1.0.0)
[0;33m  -> [0mLoaded plugin: [0;35mGeneration 9 Pack[0m (ver. 3.3.3)
[0;33m  -> [0mLoaded plugin: [0;35mEncounter List UI (v20)[0m (ver. 1.0.2)
[0;33m  -> [0mLoaded plugin: [0;35mDelta Speed Up[0m (ver. 1.2)
[0;33m  -> [0mLoaded plugin: [0;35mCustomizable Level Cap[0m (ver. 1.3)
[0;33m  -> [0mLoaded plugin: [0;35mHM Catalogue[0m (ver. 2.0)
[0;33m  -> [0mLoaded plugin: [0;35mBOTW-Like Item Gathering v21.1 port[0m (ver. 1.3)
[0;32m  -> [0m[0;32mSuccessfully loaded 9 plugin(s)[0m

[0;33m*** Compiling PBS files ***[0m

[0;33m  -> [0mNot compiled

[0;33m*** Compiling animations ***[0m

[0;33m  -> [0mCompiling animation PBS files....................................................................................................................................................................................................................................................................................................................................................................................................................................................[0;32mdone[0m

[0;33m*** Importing new maps ***[0m

[0;33m  -> [0mNone found

[0;33m*** Modifying map events ***[0m

[0;33m  -> [0mProcessing 221 maps......[0;32mdone[0m
[0;33m  -> [0mProcessing common events...[0;32mdone[0m

[0;33m*** Gathering messages for translations ***[0m

[0;33m  -> [0mFinding messages...[0;32mdone[0m
[0;33m  -> [0mSaving messages...[0;32mdone[0m

[0;33m*** Creating map metadata for maps without it ***[0m

[0;33m  -> [0mNone found

UNSCALED 11.646781 * 3 - 1
Roles for YANMA: [:NONE]

================================================================

[Started battle] Single trainer battle (1 trainer(s) vs. 1 trainer(s))
[0;1;30m"You are challenged by Rival Blue!"[0m
[0;1;30m"Rival Blue sent out Yanma!"[0m
[0;1;30m"Go! Trubbish!"[0m
[Round order] Trubbish (0), the opposing Yanma (1)

[0;1;35m===== Round 1 =====[0m

[AI Threat Assessment: Trubbish] -1: for us outspeeding
Set up score for Trubbish (0): 0
     Threat Score for Trubbish (0): -1
     Checking flags...
     No flags found.
     Setting flags...
     Offensive Move Count: 1
     Priority Move Count: 0
     Trubbish (0) has been assigned No Priority flag
     End flag assignment.
[AI] Yanma (1) is considering using Sonic Boom (1) against Trubbish (0)...
     Yanma (1)'s highest damaging move vs Trubbish: Sonic Boom
     + 4 to prioritize highest damaging move
[AI] Move choices for Yanma (1):
   * 100.0%% to use Sonic Boom (target 0): score 5
   => will use Sonic Boom (target 0)

[Round order] Trubbish (0), the opposing Yanma (1)

[Use move] Trubbish (0) used Poison Gas
[0;1;30m"Trubbish used Poison Gas!"[0m
[Move failed] Failed pbAccuracyCheck
[0;1;30m"The opposing Yanma avoided the attack!"[0m
[Use move] The opposing Yanma (1) used Sonic Boom
[0;1;30m"The opposing Yanma used Sonic Boom!"[0m
[HP change] Trubbish lost 20 HP (21 -> 1)
[HP change] Trubbish gained 20 HP (1 -> 21)
[0;1;30m"Trubbish restored its health using its Berry Juice!"[0m
[Item consumed] Trubbish consumed its held Berry Juice

[End of round 1]

[0;1;35m===== Round 2 =====[0m

[AI Threat Assessment: Trubbish] -1: for us outspeeding
Set up score for Trubbish (0): 0
     Threat Score for Trubbish (0): -1
     Checking flags...     Flags found.
     End flag search
[AI] Yanma (1) is considering using Sonic Boom (1) against Trubbish (0)...
     Yanma (1)'s highest damaging move vs Trubbish: Sonic Boom
     + 4 to prioritize highest damaging move
[AI] Move choices for Yanma (1):
   * 100.0%% to use Sonic Boom (target 0): score 5
   => will use Sonic Boom (target 0)

[Round order] Trubbish (0), the opposing Yanma (1)

[Use move] Trubbish (0) used Poison Gas
[0;1;30m"Trubbish used Poison Gas!"[0m
[Move failed] Failed pbAccuracyCheck
[0;1;30m"The opposing Yanma avoided the attack!"[0m
[Use move] The opposing Yanma (1) used Sonic Boom
[0;1;30m"The opposing Yanma used Sonic Boom!"[0m
[HP change] Trubbish lost 20 HP (21 -> 1)

[End of round 2]

[0;1;35m===== Round 3 =====[0m

[AI Threat Assessment: Trubbish] -3: for us having fast kill
Set up score for Trubbish (0): 0
     Threat Score for Trubbish (0): -3
     Checking flags...     Flags found.
     End flag search
[AI] Yanma (1) is considering using Sonic Boom (1) against Trubbish (0)...
     Yanma (1)'s highest damaging move vs Trubbish: Sonic Boom
      + 20 for fast kill
[AI] Move choices for Yanma (1):
   * 100.0%% to use Sonic Boom (target 0): score 21
   => will use Sonic Boom (target 0)

[Round order] Trubbish (0), the opposing Yanma (1)

[Use move] Trubbish (0) used Recycle
[0;1;30m"Trubbish used Recycle!"[0m
[0;1;30m"Trubbish found a Berry Juice!"[0m
[HP change] Trubbish gained 20 HP (1 -> 21)
[0;1;30m"Trubbish restored its health using its Berry Juice!"[0m
[Item consumed] Trubbish consumed its held Berry Juice
[Use move] The opposing Yanma (1) used Sonic Boom
[0;1;30m"The opposing Yanma used Sonic Boom!"[0m
[HP change] Trubbish lost 20 HP (21 -> 1)

[End of round 3]

[0;1;35m===== Round 4 =====[0m

GPU Cache Max: 16384
-------------------------------------------------------------------------------
Dumpster Fire Red Output Window
-------------------------------------------------------------------------------
If you can see this window, you are running the game in Debug Mode. This means
that you're either playing a debug version of the game, or you're playing from
within XPX Engine.

Closing this window will close the game. If you want to get rid of this window,
run the program from the Shell, or download a release version of the game.
-------------------------------------------------------------------------------
Debug Output:
-------------------------------------------------------------------------------

[0;33m*** Checking plugins ***[0m

[0;33m  -> [0mPlugins were not compiled
[0;33m  -> [0mLoaded plugin: [0;35mv21.1 Hotfixes[0m (ver. 1.0.9)
[0;33m  -> [0mLoaded plugin: [0;35mPhantombass AI[0m (ver. 1.0.0)
[0;33m  -> [0mLoaded plugin: [0;35mPhantombass Custom Scripts[0m (ver. 1.0.0)
[0;33m  -> [0mLoaded plugin: [0;35mGeneration 9 Pack[0m (ver. 3.3.3)
[0;33m  -> [0mLoaded plugin: [0;35mEncounter List UI (v20)[0m (ver. 1.0.2)
[0;33m  -> [0mLoaded plugin: [0;35mDelta Speed Up[0m (ver. 1.2)
[0;33m  -> [0mLoaded plugin: [0;35mCustomizable Level Cap[0m (ver. 1.3)
[0;33m  -> [0mLoaded plugin: [0;35mHM Catalogue[0m (ver. 2.0)
[0;33m  -> [0mLoaded plugin: [0;35mBOTW-Like Item Gathering v21.1 port[0m (ver. 1.3)
[0;32m  -> [0m[0;32mSuccessfully loaded 9 plugin(s)[0m

[0;33m*** Compiling PBS files ***[0m

[0;33m  -> [0mNot compiled

[0;33m*** Compiling animations ***[0m

[0;33m  -> [0mCompiling animation PBS files....................................................................................................................................................................................................................................................................................................................................................................................................................................................[0;32mdone[0m

[0;33m*** Importing new maps ***[0m

[0;33m  -> [0mNone found

[0;33m*** Modifying map events ***[0m

[0;33m  -> [0mProcessing 221 maps......[0;32mdone[0m
[0;33m  -> [0mProcessing common events...[0;32mdone[0m

[0;33m*** Gathering messages for translations ***[0m

[0;33m  -> [0mFinding messages...[0;32mdone[0m
[0;33m  -> [0mSaving messages...[0;32mdone[0m

[0;33m*** Creating map metadata for maps without it ***[0m

[0;33m  -> [0mNone found

UNSCALED 79.591486 * 3 - 1
Roles for YANMA: [:NONE]

================================================================

[Started battle] Single trainer battle (1 trainer(s) vs. 1 trainer(s))
[0;1;30m"You are challenged by Rival Blue!"[0m
[0;1;30m"Rival Blue sent out Yanma!"[0m
[0;1;30m"Go! Trubbish!"[0m
[Round order] Trubbish (0), the opposing Yanma (1)

[0;1;35m===== Round 1 =====[0m

[AI Threat Assessment: Trubbish] -1: for us outspeeding
Set up score for Trubbish (0): 0
     Threat Score for Trubbish (0): -1
     Checking flags...
     No flags found.
     Setting flags...
     Offensive Move Count: 1
     Priority Move Count: 0
     Trubbish (0) has been assigned No Priority flag
     End flag assignment.
[AI] Yanma (1) is considering using Sonic Boom (1) against Trubbish (0)...
     Yanma (1)'s highest damaging move vs Trubbish: Sonic Boom
     + 4 to prioritize highest damaging move
[AI] Move choices for Yanma (1):
   * 100.0%% to use Sonic Boom (target 0): score 5
   => will use Sonic Boom (target 0)

[Round order] Trubbish (0), the opposing Yanma (1)

[Use move] Trubbish (0) used Poison Gas
[0;1;30m"Trubbish used Poison Gas!"[0m
[Move failed] Failed pbAccuracyCheck
[0;1;30m"The opposing Yanma avoided the attack!"[0m
[Use move] The opposing Yanma (1) used Sonic Boom
[0;1;30m"The opposing Yanma used Sonic Boom!"[0m
[HP change] Trubbish lost 20 HP (21 -> 1)
[HP change] Trubbish gained 20 HP (1 -> 21)
[0;1;30m"Trubbish restored its health using its Berry Juice!"[0m
[Item consumed] Trubbish consumed its held Berry Juice

[End of round 1]

[0;1;35m===== Round 2 =====[0m

GPU Cache Max: 16384
-------------------------------------------------------------------------------
Dumpster Fire Red Output Window
-------------------------------------------------------------------------------
If you can see this window, you are running the game in Debug Mode. This means
that you're either playing a debug version of the game, or you're playing from
within XPX Engine.

Closing this window will close the game. If you want to get rid of this window,
run the program from the Shell, or download a release version of the game.
-------------------------------------------------------------------------------
Debug Output:
-------------------------------------------------------------------------------

[0;33m*** Checking plugins ***[0m

[0;33m  -> [0mCompiling plugin scripts...[0;32mdone[0m
[0;33m  -> [0mLoaded plugin: [0;35mv21.1 Hotfixes[0m (ver. 1.0.9)
[0;33m  -> [0mLoaded plugin: [0;35mPhantombass AI[0m (ver. 1.0.0)
[0;33m  -> [0mLoaded plugin: [0;35mPhantombass Custom Scripts[0m (ver. 1.0.0)
[0;33m  -> [0mLoaded plugin: [0;35mGeneration 9 Pack[0m (ver. 3.3.3)
[0;33m  -> [0mLoaded plugin: [0;35mEncounter List UI (v20)[0m (ver. 1.0.2)
[0;33m  -> [0mLoaded plugin: [0;35mDelta Speed Up[0m (ver. 1.2)
[0;33m  -> [0mLoaded plugin: [0;35mCustomizable Level Cap[0m (ver. 1.3)
[0;33m  -> [0mLoaded plugin: [0;35mHM Catalogue[0m (ver. 2.0)
[0;33m  -> [0mLoaded plugin: [0;35mBOTW-Like Item Gathering v21.1 port[0m (ver. 1.3)
[0;32m  -> [0m[0;32mSuccessfully loaded 9 plugin(s)[0m

[0;33m*** Compiling PBS files ***[0m

[0;33m  -> [0mCompiling PBS file [0;36mtown_map.txt[0m....[0;32mdone[0m
[0;33m  -> [0mCompiling PBS file [0;36mmap_connections.txt[0m...[0;32mdone[0m
[0;33m  -> [0mCompiling PBS file [0;36mtypes.txt[0m....[0;32mdone[0m
[0;33m  -> [0mCompiling PBS file [0;36mabilities.txt[0m......[0;32mdone[0m
[0;33m  -> [0mCompiling PBS file [0;36mabilities_Gen_9_Pack.txt[0m....[0;32mdone[0m
[0;33m  -> [0mCompiling PBS file [0;36mabilities_custom.txt[0m....[0;32mdone[0m
[0;33m  -> [0mCompiling PBS file [0;36mmoves.txt[0m...........[0;32mdone[0m
[0;33m  -> [0mCompiling PBS file [0;36mmoves_Gen_9_Pack.txt[0m....[0;32mdone[0m
[0;33m  -> [0mCompiling PBS file [0;36mmoves_hidden_power.txt[0m....[0;32mdone[0m
[0;33m  -> [0mCompiling PBS file [0;36mitems.txt[0m..........[0;32mdone[0m
[0;33m  -> [0mCompiling PBS file [0;36mitems_Gen_9_Pack.txt[0m.....[0;32mdone[0m
[0;33m  -> [0mCompiling PBS file [0;36mitems_custom.txt[0m....[0;32mdone[0m
[0;33m  -> [0mCompiling PBS file [0;36mberry_plants.txt[0m....[0;32mdone[0m
[0;33m  -> [0mCompiling PBS file [0;36mpokemon.txt[0m..............[0;32mdone[0m
[0;33m  -> [0mCompiling PBS file [0;36mpokemon_forms.txt[0m........[0;32mdone[0m
[0;33m  -> [0mCompiling PBS file [0;36mpokemon_metrics.txt[0m...............[0;32mdone[0m
[0;33m  -> [0mCompiling PBS file [0;36mpokemon_metrics_Gen_9_Pack.txt[0m.....[0;32mdone[0m
[0;33m  -> [0mCompiling PBS file [0;36mregional_dexes.txt[0m...[0;32mdone[0m
[0;33m  -> [0mCompiling PBS file [0;36mribbons.txt[0m....[0;32mdone[0m
[0;33m  -> [0mCompiling PBS file [0;36mencounters.txt[0m.............[0;32mdone[0m
[0;33m  -> [0mCompiling PBS file [0;36mtrainer_types.txt[0m....[0;32mdone[0m
[0;33m  -> [0mCompiling PBS file [0;36mtrainers.txt[0m......................[0;32mdone[0m
[0;33m  -> [0mCompiling PBS file [0;36mbattle_facility_lists.txt[0m........[0;32mdone[0m
[0;33m  -> [0mCompiling PBS file [0;36mmetadata.txt[0m....[0;32mdone[0m
[0;33m  -> [0mCompiling PBS file [0;36mmap_metadata.txt[0m......[0;32mdone[0m
[0;33m  -> [0mCompiling PBS file [0;36mdungeon_tilesets.txt[0m....[0;32mdone[0m
[0;33m  -> [0mCompiling PBS file [0;36mdungeon_parameters.txt[0m....[0;32mdone[0m
[0;33m  -> [0mCompiling PBS file [0;36mphone.txt[0m....[0;32mdone[0m

[0;33m*** Compiling animations ***[0m

[0;33m  -> [0mCompiling animation PBS files....................................................................................................................................................................................................................................................................................................................................................................................................................................................[0;32mdone[0m

[0;33m*** Importing new maps ***[0m

[0;33m  -> [0mNone found

[0;33m*** Modifying map events ***[0m

[0;33m  -> [0mProcessing 221 maps......[0;32mdone[0m
[0;33m  -> [0mProcessing common events...[0;32mdone[0m

[0;33m*** Gathering messages for translations ***[0m

[0;33m  -> [0mFinding messages...[0;32mdone[0m
[0;33m  -> [0mSaving messages...[0;32mdone[0m

[0;33m*** Creating map metadata for maps without it ***[0m

[0;33m  -> [0mNone found

UNSCALED 15.303844999999999 * 3 - 1
Roles for YANMA: [:NONE]

================================================================

[Started battle] Single trainer battle (1 trainer(s) vs. 1 trainer(s))
[0;1;30m"You are challenged by Rival Blue!"[0m
[0;1;30m"Rival Blue sent out Yanma!"[0m
[0;1;30m"Go! Trubbish!"[0m
[Round order] Trubbish (0), the opposing Yanma (1)

[0;1;35m===== Round 1 =====[0m

[AI Threat Assessment: Trubbish] -1: for us outspeeding
Set up score for Trubbish (0): 0
     Threat Score for Trubbish (0): -1
     Checking flags...
     No flags found.
     Setting flags...
     Offensive Move Count: 1
     Priority Move Count: 0
     Trubbish (0) has been assigned No Priority flag
     End flag assignment.
[AI] Yanma (1) is considering using Sonic Boom (1) against Trubbish (0)...
     Yanma (1)'s highest damaging move vs Trubbish: Sonic Boom
     + 4 to prioritize highest damaging move
[AI] Move choices for Yanma (1):
   * 100.0%% to use Sonic Boom (target 0): score 5
   => will use Sonic Boom (target 0)

[Round order] Trubbish (0), the opposing Yanma (1)

[Use move] Trubbish (0) used Poison Gas
[0;1;30m"Trubbish used Poison Gas!"[0m
[0;1;30m"The opposing Yanma was poisoned!"[0m
[Use move] The opposing Yanma (1) used Sonic Boom
[0;1;30m"The opposing Yanma used Sonic Boom!"[0m
[HP change] Trubbish lost 20 HP (21 -> 1)
[HP change] Trubbish gained 20 HP (1 -> 21)
[0;1;30m"Trubbish restored its health using its Berry Juice!"[0m
[Item consumed] Trubbish consumed its held Berry Juice

[End of round 1]
[HP change] The opposing Yanma lost 4 HP (36 -> 32)
[0;1;30m"The opposing Yanma was hurt by poison!"[0m

[0;1;35m===== Round 2 =====[0m

[AI Threat Assessment: Trubbish] -1: for us outspeeding
Set up score for Trubbish (0): 0
     Threat Score for Trubbish (0): -1
     Checking flags...     Flags found.
     End flag search
[AI] Yanma (1) is considering using Sonic Boom (1) against Trubbish (0)...
     Yanma (1)'s highest damaging move vs Trubbish: Sonic Boom
     + 4 to prioritize highest damaging move
[AI] Move choices for Yanma (1):
   * 100.0%% to use Sonic Boom (target 0): score 5
   => will use Sonic Boom (target 0)

[Round order] Trubbish (0), the opposing Yanma (1)

[Use move] Trubbish (0) used Recycle
[0;1;30m"Trubbish used Recycle!"[0m
[0;1;30m"Trubbish found a Berry Juice!"[0m
[Use move] The opposing Yanma (1) used Sonic Boom
[0;1;30m"The opposing Yanma used Sonic Boom!"[0m
[HP change] Trubbish lost 20 HP (21 -> 1)
[HP change] Trubbish gained 20 HP (1 -> 21)
[0;1;30m"Trubbish restored its health using its Berry Juice!"[0m
[Item consumed] Trubbish consumed its held Berry Juice

[End of round 2]
[HP change] The opposing Yanma lost 4 HP (32 -> 28)
[0;1;30m"The opposing Yanma was hurt by poison!"[0m

[0;1;35m===== Round 3 =====[0m

[AI Threat Assessment: Trubbish] -1: for us outspeeding
Set up score for Trubbish (0): 0
     Threat Score for Trubbish (0): -1
     Checking flags...     Flags found.
     End flag search
[AI] Yanma (1) is considering using Sonic Boom (1) against Trubbish (0)...
     Yanma (1)'s highest damaging move vs Trubbish: Sonic Boom
     + 4 to prioritize highest damaging move
[AI] Move choices for Yanma (1):
   * 100.0%% to use Sonic Boom (target 0): score 5
   => will use Sonic Boom (target 0)

[Round order] Trubbish (0), the opposing Yanma (1)

[Use move] Trubbish (0) used Recycle
[0;1;30m"Trubbish used Recycle!"[0m
[0;1;30m"Trubbish found a Berry Juice!"[0m
[Use move] The opposing Yanma (1) used Sonic Boom
[0;1;30m"The opposing Yanma used Sonic Boom!"[0m
[HP change] Trubbish lost 20 HP (21 -> 1)
[HP change] Trubbish gained 20 HP (1 -> 21)
[0;1;30m"Trubbish restored its health using its Berry Juice!"[0m
[Item consumed] Trubbish consumed its held Berry Juice

[End of round 3]
[HP change] The opposing Yanma lost 4 HP (28 -> 24)
[0;1;30m"The opposing Yanma was hurt by poison!"[0m

[0;1;35m===== Round 4 =====[0m

[AI Threat Assessment: Trubbish] -1: for us outspeeding
Set up score for Trubbish (0): 0
     Threat Score for Trubbish (0): -1
     Checking flags...     Flags found.
     End flag search
[AI] Yanma (1) is considering using Sonic Boom (1) against Trubbish (0)...
     Yanma (1)'s highest damaging move vs Trubbish: Sonic Boom
     + 4 to prioritize highest damaging move
[AI] Move choices for Yanma (1):
   * 100.0%% to use Sonic Boom (target 0): score 5
   => will use Sonic Boom (target 0)

[Round order] Trubbish (0), the opposing Yanma (1)

[Use move] Trubbish (0) used Recycle
[0;1;30m"Trubbish used Recycle!"[0m
[0;1;30m"Trubbish found a Berry Juice!"[0m
[Use move] The opposing Yanma (1) used Sonic Boom
[0;1;30m"The opposing Yanma used Sonic Boom!"[0m
[HP change] Trubbish lost 20 HP (21 -> 1)
[HP change] Trubbish gained 20 HP (1 -> 21)
[0;1;30m"Trubbish restored its health using its Berry Juice!"[0m
[Item consumed] Trubbish consumed its held Berry Juice

[End of round 4]
[HP change] The opposing Yanma lost 4 HP (24 -> 20)
[0;1;30m"The opposing Yanma was hurt by poison!"[0m

[0;1;35m===== Round 5 =====[0m

[AI Threat Assessment: Trubbish] -1: for us outspeeding
Set up score for Trubbish (0): 0
     Threat Score for Trubbish (0): -1
     Checking flags...     Flags found.
     End flag search
[AI] Yanma (1) is considering using Sonic Boom (1) against Trubbish (0)...
     Yanma (1)'s highest damaging move vs Trubbish: Sonic Boom
     + 4 to prioritize highest damaging move
[AI] Move choices for Yanma (1):
   * 100.0%% to use Sonic Boom (target 0): score 5
   => will use Sonic Boom (target 0)

[Round order] Trubbish (0), the opposing Yanma (1)

[Use move] Trubbish (0) used Recycle
[0;1;30m"Trubbish used Recycle!"[0m
[0;1;30m"Trubbish found a Berry Juice!"[0m
[Use move] The opposing Yanma (1) used Sonic Boom
[0;1;30m"The opposing Yanma used Sonic Boom!"[0m
[HP change] Trubbish lost 20 HP (21 -> 1)
[HP change] Trubbish gained 20 HP (1 -> 21)
[0;1;30m"Trubbish restored its health using its Berry Juice!"[0m
[Item consumed] Trubbish consumed its held Berry Juice

[End of round 5]
[HP change] The opposing Yanma lost 4 HP (20 -> 16)
[0;1;30m"The opposing Yanma was hurt by poison!"[0m

[0;1;35m===== Round 6 =====[0m

[AI Threat Assessment: Trubbish] -1: for us outspeeding
Set up score for Trubbish (0): 0
     Threat Score for Trubbish (0): -1
     Checking flags...     Flags found.
     End flag search
[AI] Yanma (1) is considering using Sonic Boom (1) against Trubbish (0)...
     Yanma (1)'s highest damaging move vs Trubbish: Sonic Boom
     + 4 to prioritize highest damaging move
[AI] Move choices for Yanma (1):
   * 100.0%% to use Sonic Boom (target 0): score 5
   => will use Sonic Boom (target 0)

[Round order] Trubbish (0), the opposing Yanma (1)

[Use move] Trubbish (0) used Recycle
[0;1;30m"Trubbish used Recycle!"[0m
[0;1;30m"Trubbish found a Berry Juice!"[0m
[Use move] The opposing Yanma (1) used Sonic Boom
[0;1;30m"The opposing Yanma used Sonic Boom!"[0m
[HP change] Trubbish lost 20 HP (21 -> 1)
[HP change] Trubbish gained 20 HP (1 -> 21)
[0;1;30m"Trubbish restored its health using its Berry Juice!"[0m
[Item consumed] Trubbish consumed its held Berry Juice

[End of round 6]
[HP change] The opposing Yanma lost 4 HP (16 -> 12)
[0;1;30m"The opposing Yanma was hurt by poison!"[0m

[0;1;35m===== Round 7 =====[0m

[AI Threat Assessment: Trubbish] -1: for us outspeeding
Set up score for Trubbish (0): 0
     Threat Score for Trubbish (0): -1
     Checking flags...     Flags found.
     End flag search
[AI] Yanma (1) is considering using Sonic Boom (1) against Trubbish (0)...
     Yanma (1)'s highest damaging move vs Trubbish: Sonic Boom
     + 4 to prioritize highest damaging move
[AI] Move choices for Yanma (1):
   * 100.0%% to use Sonic Boom (target 0): score 5
   => will use Sonic Boom (target 0)

[Round order] Trubbish (0), the opposing Yanma (1)

[Use move] Trubbish (0) used Recycle
[0;1;30m"Trubbish used Recycle!"[0m
[0;1;30m"Trubbish found a Berry Juice!"[0m
[Use move] The opposing Yanma (1) used Sonic Boom
[0;1;30m"The opposing Yanma used Sonic Boom!"[0m
[HP change] Trubbish lost 20 HP (21 -> 1)
[HP change] Trubbish gained 20 HP (1 -> 21)
[0;1;30m"Trubbish restored its health using its Berry Juice!"[0m
[Item consumed] Trubbish consumed its held Berry Juice

[End of round 7]
[HP change] The opposing Yanma lost 4 HP (12 -> 8)
[0;1;30m"The opposing Yanma was hurt by poison!"[0m

[0;1;35m===== Round 8 =====[0m

[AI Threat Assessment: Trubbish] -1: for us outspeeding
Set up score for Trubbish (0): 0
     Threat Score for Trubbish (0): -1
     Checking flags...     Flags found.
     End flag search
[AI] Yanma (1) is considering using Sonic Boom (1) against Trubbish (0)...
     Yanma (1)'s highest damaging move vs Trubbish: Sonic Boom
     + 4 to prioritize highest damaging move
[AI] Move choices for Yanma (1):
   * 100.0%% to use Sonic Boom (target 0): score 5
   => will use Sonic Boom (target 0)

[Round order] Trubbish (0), the opposing Yanma (1)

[Use move] Trubbish (0) used Recycle
[0;1;30m"Trubbish used Recycle!"[0m
[0;1;30m"Trubbish found a Berry Juice!"[0m
[Use move] The opposing Yanma (1) used Sonic Boom
[0;1;30m"The opposing Yanma used Sonic Boom!"[0m
[HP change] Trubbish lost 20 HP (21 -> 1)
[HP change] Trubbish gained 20 HP (1 -> 21)
[0;1;30m"Trubbish restored its health using its Berry Juice!"[0m
[Item consumed] Trubbish consumed its held Berry Juice

[End of round 8]
[HP change] The opposing Yanma lost 4 HP (8 -> 4)
[0;1;30m"The opposing Yanma was hurt by poison!"[0m

[0;1;35m===== Round 9 =====[0m

[AI Threat Assessment: Trubbish] -1: for us outspeeding
Set up score for Trubbish (0): 0
     Threat Score for Trubbish (0): -1
     Checking flags...     Flags found.
     End flag search
[AI] Yanma (1) is considering using Sonic Boom (1) against Trubbish (0)...
     Yanma (1)'s highest damaging move vs Trubbish: Sonic Boom
     + 4 to prioritize highest damaging move
[AI] Move choices for Yanma (1):
   * 100.0%% to use Sonic Boom (target 0): score 5
   => will use Sonic Boom (target 0)

[Round order] Trubbish (0), the opposing Yanma (1)

[Use move] Trubbish (0) used Recycle
[0;1;30m"Trubbish used Recycle!"[0m
[0;1;30m"Trubbish found a Berry Juice!"[0m
[Use move] The opposing Yanma (1) used Sonic Boom
[0;1;30m"The opposing Yanma used Sonic Boom!"[0m
[HP change] Trubbish lost 20 HP (21 -> 1)
[HP change] Trubbish gained 20 HP (1 -> 21)
[0;1;30m"Trubbish restored its health using its Berry Juice!"[0m
[Item consumed] Trubbish consumed its held Berry Juice

[End of round 9]
[HP change] The opposing Yanma lost 4 HP (4 -> 0)
[0;1;30m"The opposing Yanma was hurt by poison!"[0m
[0;1;30m"The opposing Yanma fainted!"[0m
[0;1;30m"Trubbish got 370 Exp. Points!"[0m
[0;1;30m"Trubbish grew to Lv. 6!"[0m
[0;1;30m"Trubbish learned Acid Spray!"[0m

[0;1;35m===== Player won =====[0m

[0;1;30m"You defeated Rival Blue!"[0m
[0;1;30m"WHAT? Unbelievable! I picked the wrong Pokémon!"[0m

[0;1;30m"You got $160 for winning!"[0m

================================================================

[Started battle] Single wild battle (1 trainer(s) vs. 1 wild Pokémon)
[0;1;30m"Oh! A wild Sunkern appeared!"[0m
[0;1;30m"Go! Trubbish!"[0m
[Round order] Trubbish (0), the wild Sunkern (1)

[0;1;35m===== Round 1 =====[0m

[0;1;30m"You got away safely!"[0m

================================================================

[Started battle] Single wild battle (1 trainer(s) vs. 1 wild Pokémon)
[0;1;30m"Oh! A wild Paras appeared!"[0m
[0;1;30m"Go! Trubbish!"[0m
[Round order] Trubbish (0), the wild Paras (1)

[0;1;35m===== Round 1 =====[0m

[0;1;30m"You got away safely!"[0m
