=== XPX Debug Log 2026-06-25 14:04:07 -0400 ===
Ruby: 3.1.3 Platform: x64-mingw32
GAME_ROOT : E:/Games/Dumpster Fire Red
MAPS_DIR  : E:/Games/Dumpster Fire Red/Data/maps
LOG_PATH  : E:/Games/Dumpster Fire Red/logs/xpx_debug.log
$0        : -e
[14:04:07] Boot started. MAPS_DIR=E:/Games/Dumpster Fire Red/Data/maps
[14:04:07] Ruby: 3.1.3, JSON available: YES
[14:04:07] Platform: x64-mingw32, encoding default_external=UTF-8, default_internal=UTF-8
[14:04:07] === Runtime file inventory ===
[14:04:07]   Game.exe: 29110999 bytes, mtime=2026-06-02 07:28:44
[14:04:07]   x64-msvcrt-ruby310.dll: 10240557 bytes, mtime=2026-06-02 07:28:44
[14:04:07]   zlib1.dll: 128488 bytes, mtime=2026-06-02 07:29:08
[14:04:07] System.rxdata: 8152 bytes, mtime=2026-06-25 12:28:11
[14:04:07] System.rxdata @start_map_id=1 @start_x=9 @start_y=7
[14:04:10] Indexed 221 maps
[14:04:20] Map dict cache pre-warmed: 221 maps, 0 failed, 9711ms
[14:04:20] Autotile DB: 40 entries loaded from XPX_AutotileDatabase.xpxdata
[14:04:22] load_data patched
[14:04:22] data_maps guard installed
[14:04:22] pbRgssExists? patched
[14:04:22] compiler safety patched
[14:04:22] Start map 1 has 2 events: 5:Debug Intro(Action), 3:Cinematic Intro(Autorun)
[14:04:22] Autorun events on start map: 3:Cinematic Intro
[14:04:22] Boot complete
[14:04:22] Bitmap#draw_text crisp-text wrapper installed
[14:04:23] XPX Move to Location installed.
[14:04:23] TilesetBitmaps patched for XPX extras-shift remap
[14:04:23] AutotileBitmaps patched for is_water_type override (true/false)
[14:04:29] Slow frame: 124ms in nil (n=1/200) dt=ol:0/sh:0/pt:0 dt_ms=0 tr_ms=0 gu_ms=0 mm_cache=0 gc=28/1031557
[14:04:29] Slow frame: 160ms in nil (n=2/200) dt=ol:0/sh:0/pt:0 dt_ms=0 tr_ms=0 gu_ms=0 mm_cache=0 gc=28/1057438
[14:04:29] Slow frame: 87ms in nil (n=3/200) dt=ol:0/sh:0/pt:0 dt_ms=0 tr_ms=0 gu_ms=0 mm_cache=0 gc=28/1082900
[14:04:29] Slow frame: 123ms in nil (n=4/200) dt=ol:0/sh:0/pt:0 dt_ms=0 tr_ms=0 gu_ms=0 mm_cache=0 gc=28/1107679
[14:04:29] Slow frame: 156ms in nil (n=5/200) dt=ol:0/sh:0/pt:0 dt_ms=0 tr_ms=0 gu_ms=0 mm_cache=0 gc=28/1130852
[14:04:29] Slow frame: 218ms in nil (n=6/200) dt=ol:0/sh:0/pt:0 dt_ms=0 tr_ms=0 gu_ms=0 mm_cache=0 gc=28/1154548
[14:04:29] Slow frame: 109ms in nil (n=7/200) dt=ol:0/sh:0/pt:0 dt_ms=0 tr_ms=0 gu_ms=0 mm_cache=0 gc=29/1157349
[14:04:30] Slow frame: 206ms in nil (n=8/200) dt=ol:0/sh:0/pt:0 dt_ms=0 tr_ms=0 gu_ms=0 mm_cache=0 gc=29/1157492
[14:04:30] Slow frame: 299ms in nil (n=9/200) dt=ol:0/sh:0/pt:0 dt_ms=0 tr_ms=0 gu_ms=0 mm_cache=0 gc=29/1155826
[14:04:30] Slow frame: 60ms in nil (n=10/200) dt=ol:0/sh:0/pt:0 dt_ms=0 tr_ms=0 gu_ms=0 mm_cache=0 gc=29/1155548
[14:04:30] Slow frame: 75ms in nil (n=11/200) dt=ol:0/sh:0/pt:0 dt_ms=0 tr_ms=0 gu_ms=0 mm_cache=0 gc=29/1156790
[14:04:30] Slow frame: 76ms in nil (n=12/200) dt=ol:0/sh:0/pt:0 dt_ms=0 tr_ms=0 gu_ms=0 mm_cache=0 gc=29/1156454
[14:04:30] Slow frame: 45ms in nil (n=13/200) dt=ol:0/sh:0/pt:0 dt_ms=0 tr_ms=0 gu_ms=0 mm_cache=0 gc=29/1156258
[14:04:30] Slow frame: 77ms in nil (n=14/200) dt=ol:0/sh:0/pt:0 dt_ms=0 tr_ms=0 gu_ms=0 mm_cache=0 gc=29/1155714
[14:04:30] Slow frame: 73ms in nil (n=15/200) dt=ol:0/sh:0/pt:0 dt_ms=0 tr_ms=0 gu_ms=0 mm_cache=0 gc=29/1155590
[14:04:30] Slow frame: 46ms in nil (n=16/200) dt=ol:0/sh:0/pt:0 dt_ms=0 tr_ms=0 gu_ms=0 mm_cache=0 gc=29/1155767
[14:04:30] Slow frame: 59ms in nil (n=17/200) dt=ol:0/sh:0/pt:0 dt_ms=0 tr_ms=0 gu_ms=0 mm_cache=0 gc=29/1155899
[14:04:31] Slow frame: 183ms in nil (n=18/200) dt=ol:0/sh:0/pt:0 dt_ms=0 tr_ms=0 gu_ms=0 mm_cache=0 gc=29/1155609
[14:04:31] Slow frame: 158ms in nil (n=19/200) dt=ol:0/sh:0/pt:0 dt_ms=0 tr_ms=0 gu_ms=0 mm_cache=0 gc=29/1155699
[14:04:31] Slow frame: 273ms in nil (n=20/200) dt=ol:0/sh:0/pt:0 dt_ms=0 tr_ms=0 gu_ms=0 mm_cache=0 gc=29/1157533
[14:04:31] Slow frame: 291ms in nil (n=21/200) dt=ol:0/sh:0/pt:0 dt_ms=0 tr_ms=0 gu_ms=0 mm_cache=0 gc=29/1157407
[14:04:31] Slow frame: 166ms in nil (n=22/200) dt=ol:0/sh:0/pt:0 dt_ms=0 tr_ms=0 gu_ms=0 mm_cache=0 gc=30/1155358
[14:04:32] Slow frame: 125ms in nil (n=23/200) dt=ol:0/sh:0/pt:0 dt_ms=0 tr_ms=0 gu_ms=0 mm_cache=0 gc=30/1153048
[14:04:32] Slow frame: 160ms in nil (n=24/200) dt=ol:0/sh:0/pt:0 dt_ms=0 tr_ms=0 gu_ms=0 mm_cache=0 gc=30/1151056
[14:04:32] Slow frame: 135ms in nil (n=25/200) dt=ol:0/sh:0/pt:0 dt_ms=0 tr_ms=0 gu_ms=0 mm_cache=0 gc=30/1149044
[14:04:32] Slow frame: 112ms in nil (n=26/200) dt=ol:0/sh:0/pt:0 dt_ms=0 tr_ms=0 gu_ms=0 mm_cache=0 gc=30/1145118
[14:04:32] Slow frame: 63ms in nil (n=27/200) dt=ol:0/sh:0/pt:0 dt_ms=0 tr_ms=0 gu_ms=0 mm_cache=0 gc=30/1143828
[14:04:32] Slow frame: 119ms in nil (n=28/200) dt=ol:0/sh:0/pt:0 dt_ms=0 tr_ms=0 gu_ms=0 mm_cache=0 gc=30/1141956
[14:04:32] Slow frame: 159ms in nil (n=29/200) dt=ol:0/sh:0/pt:0 dt_ms=0 tr_ms=0 gu_ms=0 mm_cache=0 gc=30/1137497
[14:04:32] Slow frame: 97ms in nil (n=30/200) dt=ol:0/sh:0/pt:0 dt_ms=0 tr_ms=0 gu_ms=0 mm_cache=0 gc=30/1134050
[14:04:33] Slow frame: 99ms in nil (n=31/200) dt=ol:0/sh:0/pt:0 dt_ms=0 tr_ms=0 gu_ms=0 mm_cache=0 gc=30/1130593
[14:04:33] Slow frame: 78ms in nil (n=32/200) dt=ol:0/sh:0/pt:0 dt_ms=0 tr_ms=0 gu_ms=0 mm_cache=0 gc=30/1126912
[14:04:33] Slow frame: 83ms in nil (n=33/200) dt=ol:0/sh:0/pt:0 dt_ms=0 tr_ms=0 gu_ms=0 mm_cache=0 gc=30/1123838
[14:04:33] Slow frame: 253ms in nil (n=34/200) dt=ol:0/sh:0/pt:0 dt_ms=0 tr_ms=0 gu_ms=0 mm_cache=0 gc=31/1120605
[14:04:33] Slow frame: 495ms in nil (n=35/200) dt=ol:0/sh:0/pt:0 dt_ms=0 tr_ms=0 gu_ms=0 mm_cache=0 gc=31/1144274
[14:04:34] Slow frame: 160ms in nil (n=36/200) dt=ol:0/sh:0/pt:0 dt_ms=0 tr_ms=0 gu_ms=0 mm_cache=0 gc=31/1157449
[14:04:34] Slow frame: 105ms in nil (n=37/200) dt=ol:0/sh:0/pt:0 dt_ms=0 tr_ms=0 gu_ms=0 mm_cache=0 gc=31/1155926
[14:04:34] Slow frame: 103ms in nil (n=38/200) dt=ol:0/sh:0/pt:0 dt_ms=0 tr_ms=0 gu_ms=0 mm_cache=0 gc=31/1155618
[14:04:34] Slow frame: 117ms in nil (n=39/200) dt=ol:0/sh:0/pt:0 dt_ms=0 tr_ms=0 gu_ms=0 mm_cache=0 gc=31/1157524
[14:04:34] Slow frame: 53ms in nil (n=40/200) dt=ol:0/sh:0/pt:0 dt_ms=0 tr_ms=0 gu_ms=0 mm_cache=0 gc=31/1156291
[14:04:34] Slow frame: 43ms in nil (n=41/200) dt=ol:0/sh:0/pt:0 dt_ms=0 tr_ms=0 gu_ms=0 mm_cache=0 gc=31/1156015
[14:04:34] Slow frame: 48ms in nil (n=42/200) dt=ol:0/sh:0/pt:0 dt_ms=0 tr_ms=0 gu_ms=0 mm_cache=0 gc=31/1157426
[14:04:34] Slow frame: 123ms in nil (n=43/200) dt=ol:0/sh:0/pt:0 dt_ms=0 tr_ms=0 gu_ms=0 mm_cache=0 gc=31/1156110
[14:04:34] Slow frame: 91ms in nil (n=44/200) dt=ol:0/sh:0/pt:0 dt_ms=0 tr_ms=0 gu_ms=0 mm_cache=0 gc=31/1157263
[14:04:35] Slow frame: 140ms in nil (n=45/200) dt=ol:0/sh:0/pt:0 dt_ms=0 tr_ms=0 gu_ms=0 mm_cache=0 gc=31/1156271
[14:04:35] Slow frame: 132ms in nil (n=46/200) dt=ol:0/sh:0/pt:0 dt_ms=0 tr_ms=0 gu_ms=0 mm_cache=0 gc=32/1156461
[14:04:35] Slow frame: 130ms in nil (n=47/200) dt=ol:0/sh:0/pt:0 dt_ms=0 tr_ms=0 gu_ms=0 mm_cache=0 gc=32/1156784
[14:04:35] Slow frame: 107ms in nil (n=48/200) dt=ol:0/sh:0/pt:0 dt_ms=0 tr_ms=0 gu_ms=0 mm_cache=0 gc=32/1157442
[14:04:35] Slow frame: 88ms in nil (n=49/200) dt=ol:0/sh:0/pt:0 dt_ms=0 tr_ms=0 gu_ms=0 mm_cache=0 gc=32/1157481
[14:04:35] Slow frame: 148ms in nil (n=50/200) dt=ol:0/sh:0/pt:0 dt_ms=0 tr_ms=0 gu_ms=0 mm_cache=0 gc=32/1155557
[14:04:35] Slow frame: 72ms in nil (n=51/200) dt=ol:0/sh:0/pt:0 dt_ms=0 tr_ms=0 gu_ms=0 mm_cache=0 gc=32/1156319
[14:04:35] Slow frame: 41ms in nil (n=52/200) dt=ol:0/sh:0/pt:0 dt_ms=0 tr_ms=0 gu_ms=0 mm_cache=0 gc=32/1155892
[14:04:35] Slow frame: 73ms in nil (n=53/200) dt=ol:0/sh:0/pt:0 dt_ms=0 tr_ms=0 gu_ms=0 mm_cache=0 gc=32/1156860
[14:04:35] Slow frame: 59ms in nil (n=54/200) dt=ol:0/sh:0/pt:0 dt_ms=0 tr_ms=0 gu_ms=0 mm_cache=0 gc=32/1156618
[14:04:35] Slow frame: 47ms in nil (n=55/200) dt=ol:0/sh:0/pt:0 dt_ms=0 tr_ms=0 gu_ms=0 mm_cache=0 gc=32/1155505
[14:04:36] Slow frame: 62ms in nil (n=56/200) dt=ol:0/sh:0/pt:0 dt_ms=0 tr_ms=0 gu_ms=0 mm_cache=0 gc=32/1156036
[14:04:36] Slow frame: 59ms in nil (n=57/200) dt=ol:0/sh:0/pt:0 dt_ms=0 tr_ms=0 gu_ms=0 mm_cache=0 gc=32/1156211
[14:04:36] Slow frame: 135ms in nil (n=58/200) dt=ol:0/sh:0/pt:0 dt_ms=0 tr_ms=0 gu_ms=0 mm_cache=0 gc=32/1156447
[14:04:36] Slow frame: 73ms in nil (n=59/200) dt=ol:0/sh:0/pt:0 dt_ms=0 tr_ms=0 gu_ms=0 mm_cache=0 gc=33/1155973
[14:04:36] Slow frame: 73ms in nil (n=60/200) dt=ol:0/sh:0/pt:0 dt_ms=0 tr_ms=0 gu_ms=0 mm_cache=0 gc=33/1157102
[14:04:36] Slow frame: 148ms in nil (n=61/200) dt=ol:0/sh:0/pt:0 dt_ms=0 tr_ms=0 gu_ms=0 mm_cache=0 gc=33/1156224
[14:04:36] Slow frame: 100ms in nil (n=62/200) dt=ol:0/sh:0/pt:0 dt_ms=0 tr_ms=0 gu_ms=0 mm_cache=0 gc=33/1157035
[14:04:36] Slow frame: 70ms in nil (n=63/200) dt=ol:0/sh:0/pt:0 dt_ms=0 tr_ms=0 gu_ms=0 mm_cache=0 gc=33/1157263
[14:04:36] Slow frame: 77ms in nil (n=64/200) dt=ol:0/sh:0/pt:0 dt_ms=0 tr_ms=0 gu_ms=0 mm_cache=0 gc=33/1157297
[14:04:36] Slow frame: 99ms in nil (n=65/200) dt=ol:0/sh:0/pt:0 dt_ms=0 tr_ms=0 gu_ms=0 mm_cache=0 gc=33/1156771
[14:04:36] Slow frame: 76ms in nil (n=66/200) dt=ol:0/sh:0/pt:0 dt_ms=0 tr_ms=0 gu_ms=0 mm_cache=0 gc=33/1156312
[14:04:37] Slow frame: 117ms in nil (n=67/200) dt=ol:0/sh:0/pt:0 dt_ms=0 tr_ms=0 gu_ms=0 mm_cache=0 gc=33/1155580
[14:04:37] Slow frame: 87ms in nil (n=68/200) dt=ol:0/sh:0/pt:0 dt_ms=0 tr_ms=0 gu_ms=0 mm_cache=0 gc=33/1156143
[14:04:37] Slow frame: 89ms in nil (n=69/200) dt=ol:0/sh:0/pt:0 dt_ms=0 tr_ms=0 gu_ms=0 mm_cache=0 gc=34/1155994
[14:04:37] Slow frame: 112ms in nil (n=70/200) dt=ol:0/sh:0/pt:0 dt_ms=0 tr_ms=0 gu_ms=0 mm_cache=0 gc=34/1156722
[14:04:37] Slow frame: 107ms in nil (n=71/200) dt=ol:0/sh:0/pt:0 dt_ms=0 tr_ms=0 gu_ms=0 mm_cache=0 gc=34/1155642
[14:04:37] Slow frame: 70ms in nil (n=72/200) dt=ol:0/sh:0/pt:0 dt_ms=0 tr_ms=0 gu_ms=0 mm_cache=0 gc=34/1157384
[14:04:37] Slow frame: 92ms in nil (n=73/200) dt=ol:0/sh:0/pt:0 dt_ms=0 tr_ms=0 gu_ms=0 mm_cache=0 gc=34/1155919
[14:04:37] Slow frame: 64ms in nil (n=74/200) dt=ol:0/sh:0/pt:0 dt_ms=0 tr_ms=0 gu_ms=0 mm_cache=0 gc=34/1155935
[14:04:37] Slow frame: 64ms in nil (n=75/200) dt=ol:0/sh:0/pt:0 dt_ms=0 tr_ms=0 gu_ms=0 mm_cache=0 gc=34/1155717
[14:04:37] Slow frame: 132ms in nil (n=76/200) dt=ol:0/sh:0/pt:0 dt_ms=0 tr_ms=0 gu_ms=0 mm_cache=0 gc=34/1155710
[14:04:37] Slow frame: 58ms in nil (n=77/200) dt=ol:0/sh:0/pt:0 dt_ms=0 tr_ms=0 gu_ms=0 mm_cache=0 gc=34/1155835
[14:04:38] Slow frame: 32ms in nil (n=78/200) dt=ol:0/sh:0/pt:0 dt_ms=0 tr_ms=0 gu_ms=0 mm_cache=0 gc=34/1157170
[14:04:38] Slow frame: 42ms in nil (n=79/200) dt=ol:0/sh:0/pt:0 dt_ms=0 tr_ms=0 gu_ms=0 mm_cache=0 gc=34/1157194
[14:04:38] Slow frame: 177ms in nil (n=80/200) dt=ol:0/sh:0/pt:0 dt_ms=0 tr_ms=0 gu_ms=0 mm_cache=0 gc=34/1155907
[14:04:38] Slow frame: 239ms in nil (n=81/200) dt=ol:0/sh:0/pt:0 dt_ms=0 tr_ms=0 gu_ms=0 mm_cache=0 gc=35/1155470
[14:04:38] Slow frame: 37ms in nil (n=82/200) dt=ol:0/sh:0/pt:0 dt_ms=0 tr_ms=0 gu_ms=0 mm_cache=0 gc=35/1157282
[14:04:38] Slow frame: 407ms in nil (n=83/200) dt=ol:0/sh:0/pt:0 dt_ms=0 tr_ms=0 gu_ms=0 mm_cache=0 gc=35/1157461
[14:04:40] Slow frame: 1177ms in nil (n=84/200) dt=ol:0/sh:0/pt:0 dt_ms=0 tr_ms=0 gu_ms=52 mm_cache=0 gc=37/1155687
[14:04:41] Slow frame: 1077ms in Scene_DebugIntro (n=85/200) dt=ol:0/sh:0/pt:168 dt_ms=90 tr_ms=0 gu_ms=3 mm_cache=0 gc=37/1155741
[14:05:00] Slow frame: 34ms in Scene_DebugIntro (n=86/200) dt=ol:0/sh:0/pt:0 dt_ms=0 tr_ms=0 gu_ms=33 mm_cache=0 gc=37/1159660
[14:06:00] Slow frame: 32ms in Scene_DebugIntro (n=87/200) dt=ol:0/sh:0/pt:0 dt_ms=0 tr_ms=0 gu_ms=32 mm_cache=0 gc=37/1310693
[14:06:09] Slow frame: 254350ms in Scene_DebugIntro (n=88/200) dt=ol:0/sh:0/pt:0 dt_ms=0 tr_ms=0 gu_ms=49 mm_cache=0 gc=37/1333816
[14:06:10] Slow frame: 51ms in Scene_DebugIntro (n=89/200) dt=ol:0/sh:0/pt:0 dt_ms=0 tr_ms=0 gu_ms=47 mm_cache=0 gc=37/1333879
[14:06:10] Slow frame: 49ms in Scene_DebugIntro (n=90/200) dt=ol:0/sh:0/pt:0 dt_ms=0 tr_ms=0 gu_ms=46 mm_cache=0 gc=37/1333942
[14:06:10] Slow frame: 50ms in Scene_DebugIntro (n=91/200) dt=ol:0/sh:0/pt:0 dt_ms=0 tr_ms=0 gu_ms=48 mm_cache=0 gc=37/1334005
[14:06:10] Slow frame: 50ms in Scene_DebugIntro (n=92/200) dt=ol:0/sh:0/pt:0 dt_ms=0 tr_ms=0 gu_ms=44 mm_cache=0 gc=37/1334068
[14:06:10] Slow frame: 49ms in Scene_DebugIntro (n=93/200) dt=ol:0/sh:0/pt:0 dt_ms=0 tr_ms=0 gu_ms=47 mm_cache=0 gc=37/1334131
[14:06:10] Slow frame: 49ms in Scene_DebugIntro (n=94/200) dt=ol:0/sh:0/pt:0 dt_ms=0 tr_ms=0 gu_ms=46 mm_cache=0 gc=37/1334194
[14:06:10] Slow frame: 49ms in Scene_DebugIntro (n=95/200) dt=ol:0/sh:0/pt:0 dt_ms=0 tr_ms=0 gu_ms=46 mm_cache=0 gc=37/1334257
[14:06:10] Slow frame: 50ms in Scene_DebugIntro (n=96/200) dt=ol:0/sh:0/pt:0 dt_ms=0 tr_ms=0 gu_ms=48 mm_cache=0 gc=37/1334320
[14:06:10] Slow frame: 49ms in Scene_DebugIntro (n=97/200) dt=ol:0/sh:0/pt:0 dt_ms=0 tr_ms=0 gu_ms=47 mm_cache=0 gc=37/1334383
[14:06:10] Slow frame: 49ms in Scene_DebugIntro (n=98/200) dt=ol:0/sh:0/pt:0 dt_ms=0 tr_ms=0 gu_ms=47 mm_cache=0 gc=37/1334446
[14:06:10] Slow frame: 49ms in Scene_DebugIntro (n=99/200) dt=ol:0/sh:0/pt:0 dt_ms=0 tr_ms=0 gu_ms=47 mm_cache=0 gc=37/1334509
[14:06:10] Slow frame: 50ms in Scene_DebugIntro (n=100/200) dt=ol:0/sh:0/pt:0 dt_ms=0 tr_ms=0 gu_ms=48 mm_cache=0 gc=37/1334572
[14:06:10] Slow frame: 50ms in Scene_DebugIntro (n=101/200) dt=ol:0/sh:0/pt:0 dt_ms=0 tr_ms=0 gu_ms=47 mm_cache=0 gc=37/1334635
[14:06:10] Slow frame: 49ms in Scene_DebugIntro (n=102/200) dt=ol:0/sh:0/pt:0 dt_ms=0 tr_ms=0 gu_ms=40 mm_cache=0 gc=37/1334698
[14:06:10] Slow frame: 50ms in Scene_DebugIntro (n=103/200) dt=ol:0/sh:0/pt:0 dt_ms=0 tr_ms=0 gu_ms=43 mm_cache=0 gc=37/1334761
[14:06:10] Slow frame: 49ms in Scene_DebugIntro (n=104/200) dt=ol:0/sh:0/pt:0 dt_ms=0 tr_ms=0 gu_ms=46 mm_cache=0 gc=37/1334824
[14:06:10] Slow frame: 50ms in Scene_DebugIntro (n=105/200) dt=ol:0/sh:0/pt:0 dt_ms=0 tr_ms=0 gu_ms=48 mm_cache=0 gc=37/1334887
[14:06:10] Slow frame: 49ms in Scene_DebugIntro (n=106/200) dt=ol:0/sh:0/pt:0 dt_ms=0 tr_ms=0 gu_ms=47 mm_cache=0 gc=37/1334950
[14:06:10] Slow frame: 50ms in Scene_DebugIntro (n=107/200) dt=ol:0/sh:0/pt:0 dt_ms=0 tr_ms=0 gu_ms=47 mm_cache=0 gc=37/1335013
[14:06:10] Slow frame: 49ms in Scene_DebugIntro (n=108/200) dt=ol:0/sh:0/pt:0 dt_ms=0 tr_ms=0 gu_ms=46 mm_cache=0 gc=37/1335076
[14:06:10] Slow frame: 49ms in Scene_DebugIntro (n=109/200) dt=ol:0/sh:0/pt:0 dt_ms=0 tr_ms=0 gu_ms=47 mm_cache=0 gc=37/1335139
[14:06:10] Slow frame: 50ms in Scene_DebugIntro (n=110/200) dt=ol:0/sh:0/pt:0 dt_ms=0 tr_ms=0 gu_ms=47 mm_cache=0 gc=37/1335202
[14:06:10] Slow frame: 49ms in Scene_DebugIntro (n=111/200) dt=ol:0/sh:0/pt:0 dt_ms=0 tr_ms=0 gu_ms=47 mm_cache=0 gc=37/1335265
[14:06:10] Slow frame: 49ms in Scene_DebugIntro (n=112/200) dt=ol:0/sh:0/pt:0 dt_ms=0 tr_ms=0 gu_ms=47 mm_cache=0 gc=37/1335328
[14:06:10] Slow frame: 50ms in Scene_DebugIntro (n=113/200) dt=ol:0/sh:0/pt:0 dt_ms=0 tr_ms=0 gu_ms=47 mm_cache=0 gc=37/1335391
[14:06:10] Slow frame: 50ms in Scene_DebugIntro (n=114/200) dt=ol:0/sh:0/pt:0 dt_ms=0 tr_ms=0 gu_ms=47 mm_cache=0 gc=37/1335454
[14:06:10] Slow frame: 50ms in Scene_DebugIntro (n=115/200) dt=ol:0/sh:0/pt:0 dt_ms=0 tr_ms=0 gu_ms=47 mm_cache=0 gc=37/1335517
[14:06:10] Slow frame: 50ms in Scene_DebugIntro (n=116/200) dt=ol:0/sh:0/pt:0 dt_ms=0 tr_ms=0 gu_ms=28 mm_cache=0 gc=37/1335580
[14:06:10] Slow frame: 48ms in Scene_DebugIntro (n=117/200) dt=ol:0/sh:0/pt:0 dt_ms=0 tr_ms=0 gu_ms=42 mm_cache=0 gc=37/1335643
[14:06:10] Slow frame: 51ms in Scene_DebugIntro (n=118/200) dt=ol:0/sh:0/pt:0 dt_ms=0 tr_ms=0 gu_ms=49 mm_cache=0 gc=37/1335706
[14:06:10] Slow frame: 48ms in Scene_DebugIntro (n=119/200) dt=ol:0/sh:0/pt:0 dt_ms=0 tr_ms=0 gu_ms=46 mm_cache=0 gc=37/1335769
[14:06:10] Slow frame: 50ms in Scene_DebugIntro (n=120/200) dt=ol:0/sh:0/pt:0 dt_ms=0 tr_ms=0 gu_ms=48 mm_cache=0 gc=37/1335832
[14:06:10] Slow frame: 49ms in Scene_DebugIntro (n=121/200) dt=ol:0/sh:0/pt:0 dt_ms=0 tr_ms=0 gu_ms=47 mm_cache=0 gc=37/1335895
[14:06:10] Slow frame: 50ms in Scene_DebugIntro (n=122/200) dt=ol:0/sh:0/pt:0 dt_ms=0 tr_ms=0 gu_ms=47 mm_cache=0 gc=37/1335958
[14:06:10] Slow frame: 49ms in Scene_DebugIntro (n=123/200) dt=ol:0/sh:0/pt:0 dt_ms=0 tr_ms=0 gu_ms=46 mm_cache=0 gc=37/1336021
[14:06:10] Slow frame: 713ms in Scene_DebugIntro (n=124/200) dt=ol:0/sh:0/pt:0 dt_ms=0 tr_ms=0 gu_ms=1 mm_cache=0 gc=37/1336201
[14:06:10] Slow frame: 37ms in Scene_DebugIntro (n=125/200) dt=ol:0/sh:0/pt:0 dt_ms=0 tr_ms=0 gu_ms=35 mm_cache=0 gc=37/1336264
[14:06:10] Slow frame: 50ms in Scene_DebugIntro (n=126/200) dt=ol:0/sh:0/pt:0 dt_ms=0 tr_ms=0 gu_ms=48 mm_cache=0 gc=37/1336327
[14:06:10] Slow frame: 48ms in Scene_DebugIntro (n=127/200) dt=ol:0/sh:0/pt:0 dt_ms=0 tr_ms=0 gu_ms=46 mm_cache=0 gc=37/1336390
[14:06:10] Slow frame: 50ms in Scene_DebugIntro (n=128/200) dt=ol:0/sh:0/pt:0 dt_ms=0 tr_ms=0 gu_ms=47 mm_cache=0 gc=37/1336453
[14:06:10] Slow frame: 50ms in Scene_DebugIntro (n=129/200) dt=ol:0/sh:0/pt:0 dt_ms=0 tr_ms=0 gu_ms=48 mm_cache=0 gc=37/1336516
[14:06:10] Slow frame: 49ms in Scene_DebugIntro (n=130/200) dt=ol:0/sh:0/pt:0 dt_ms=0 tr_ms=0 gu_ms=46 mm_cache=0 gc=37/1336579
[14:06:10] Slow frame: 52ms in Scene_DebugIntro (n=131/200) dt=ol:0/sh:0/pt:0 dt_ms=0 tr_ms=0 gu_ms=49 mm_cache=0 gc=37/1336642
[14:06:10] Slow frame: 48ms in Scene_DebugIntro (n=132/200) dt=ol:0/sh:0/pt:0 dt_ms=0 tr_ms=0 gu_ms=45 mm_cache=0 gc=37/1336705
[14:06:10] Slow frame: 50ms in Scene_DebugIntro (n=133/200) dt=ol:0/sh:0/pt:0 dt_ms=0 tr_ms=0 gu_ms=48 mm_cache=0 gc=37/1336768
[14:06:10] Slow frame: 48ms in Scene_DebugIntro (n=134/200) dt=ol:0/sh:0/pt:0 dt_ms=0 tr_ms=0 gu_ms=46 mm_cache=0 gc=37/1336831
[14:06:16] Slow frame: 16167ms in Scene_Map (n=135/200) dt=ol:0/sh:0/pt:0 dt_ms=0 tr_ms=464 gu_ms=99 mm_cache=0 gc=37/1490845
[14:06:17] Slow frame: 3243ms in Scene_Map (n=136/200) dt=ol:0/sh:0/pt:0 dt_ms=0 tr_ms=1 gu_ms=5 mm_cache=0 gc=37/1491940
[14:06:17] Slow frame: 44ms in Scene_Map (n=137/200) dt=ol:0/sh:0/pt:0 dt_ms=0 tr_ms=1 gu_ms=39 mm_cache=0 gc=37/1493688
[14:06:17] Slow frame: 49ms in Scene_Map (n=138/200) dt=ol:0/sh:0/pt:0 dt_ms=0 tr_ms=1 gu_ms=44 mm_cache=0 gc=37/1494573
[14:06:17] Slow frame: 49ms in Scene_Map (n=139/200) dt=ol:0/sh:0/pt:0 dt_ms=0 tr_ms=1 gu_ms=43 mm_cache=0 gc=37/1495458
[14:06:17] Slow frame: 49ms in Scene_Map (n=140/200) dt=ol:0/sh:0/pt:0 dt_ms=0 tr_ms=1 gu_ms=44 mm_cache=0 gc=37/1496343
[14:06:17] Slow frame: 50ms in Scene_Map (n=141/200) dt=ol:0/sh:0/pt:0 dt_ms=0 tr_ms=1 gu_ms=44 mm_cache=0 gc=37/1497228
[14:06:17] Slow frame: 49ms in Scene_Map (n=142/200) dt=ol:0/sh:0/pt:0 dt_ms=0 tr_ms=1 gu_ms=44 mm_cache=0 gc=37/1498113
[14:06:17] Slow frame: 50ms in Scene_Map (n=143/200) dt=ol:0/sh:0/pt:0 dt_ms=0 tr_ms=1 gu_ms=44 mm_cache=0 gc=37/1498998
[14:06:17] Slow frame: 50ms in Scene_Map (n=144/200) dt=ol:0/sh:0/pt:0 dt_ms=0 tr_ms=1 gu_ms=44 mm_cache=0 gc=37/1499883
[14:06:17] Slow frame: 50ms in Scene_Map (n=145/200) dt=ol:0/sh:0/pt:0 dt_ms=0 tr_ms=1 gu_ms=45 mm_cache=0 gc=37/1500768
[14:06:17] Slow frame: 48ms in Scene_Map (n=146/200) dt=ol:0/sh:0/pt:0 dt_ms=0 tr_ms=1 gu_ms=41 mm_cache=0 gc=37/1501653
[14:06:17] Slow frame: 50ms in Scene_Map (n=147/200) dt=ol:0/sh:0/pt:0 dt_ms=0 tr_ms=1 gu_ms=45 mm_cache=0 gc=37/1502538
[14:06:17] Slow frame: 49ms in Scene_Map (n=148/200) dt=ol:0/sh:0/pt:0 dt_ms=0 tr_ms=1 gu_ms=43 mm_cache=0 gc=37/1503423
[14:06:17] Slow frame: 49ms in Scene_Map (n=149/200) dt=ol:0/sh:0/pt:0 dt_ms=0 tr_ms=1 gu_ms=42 mm_cache=0 gc=37/1504308
[14:06:17] Slow frame: 50ms in Scene_Map (n=150/200) dt=ol:0/sh:0/pt:0 dt_ms=0 tr_ms=1 gu_ms=45 mm_cache=0 gc=37/1505193
[14:06:17] Slow frame: 49ms in Scene_Map (n=151/200) dt=ol:0/sh:0/pt:0 dt_ms=0 tr_ms=1 gu_ms=44 mm_cache=0 gc=37/1506078
[14:06:17] Slow frame: 49ms in Scene_Map (n=152/200) dt=ol:0/sh:0/pt:0 dt_ms=0 tr_ms=1 gu_ms=43 mm_cache=0 gc=37/1506963
[14:06:17] Slow frame: 154ms in Scene_Map (n=153/200) dt=ol:0/sh:0/pt:0 dt_ms=0 tr_ms=1 gu_ms=4 mm_cache=0 gc=37/1507848
[14:06:17] Slow frame: 78ms in Scene_Map (n=154/200) dt=ol:0/sh:0/pt:0 dt_ms=0 tr_ms=1 gu_ms=3 mm_cache=0 gc=37/1508732
[14:06:17] Slow frame: 50ms in Scene_Map (n=155/200) dt=ol:0/sh:0/pt:0 dt_ms=0 tr_ms=1 gu_ms=46 mm_cache=0 gc=37/1510480
[14:06:17] Slow frame: 50ms in Scene_Map (n=156/200) dt=ol:0/sh:0/pt:0 dt_ms=0 tr_ms=1 gu_ms=31 mm_cache=0 gc=37/1511406
[14:06:17] Slow frame: 49ms in Scene_Map (n=157/200) dt=ol:0/sh:0/pt:0 dt_ms=0 tr_ms=1 gu_ms=43 mm_cache=0 gc=37/1512292
[14:06:17] Slow frame: 313ms in Scene_Map (n=158/200) dt=ol:0/sh:0/pt:0 dt_ms=0 tr_ms=2 gu_ms=3 mm_cache=0 gc=37/1513434
[14:06:17] Slow frame: 36ms in Scene_Map (n=159/200) dt=ol:0/sh:0/pt:0 dt_ms=0 tr_ms=1 gu_ms=31 mm_cache=0 gc=37/1514316
[14:06:17] Slow frame: 50ms in Scene_Map (n=160/200) dt=ol:0/sh:0/pt:0 dt_ms=0 tr_ms=3 gu_ms=42 mm_cache=0 gc=37/1515409
[14:06:18] Slow frame: 284ms in Scene_Map (n=161/200) dt=ol:0/sh:0/pt:0 dt_ms=0 tr_ms=2 gu_ms=3 mm_cache=0 gc=37/1516524
[14:06:18] Slow frame: 48ms in Scene_Map (n=162/200) dt=ol:0/sh:0/pt:0 dt_ms=0 tr_ms=1 gu_ms=43 mm_cache=0 gc=37/1518444
[14:06:18] Slow frame: 50ms in Scene_Map (n=163/200) dt=ol:0/sh:0/pt:0 dt_ms=0 tr_ms=1 gu_ms=44 mm_cache=0 gc=37/1519329
[14:06:18] Slow frame: 50ms in Scene_Map (n=164/200) dt=ol:0/sh:0/pt:0 dt_ms=0 tr_ms=1 gu_ms=44 mm_cache=0 gc=37/1520214
[14:06:18] Slow frame: 49ms in Scene_Map (n=165/200) dt=ol:0/sh:0/pt:0 dt_ms=0 tr_ms=1 gu_ms=42 mm_cache=0 gc=37/1521099
[14:06:18] Slow frame: 51ms in Scene_Map (n=166/200) dt=ol:0/sh:0/pt:0 dt_ms=0 tr_ms=1 gu_ms=24 mm_cache=0 gc=37/1521984
[14:06:18] Slow frame: 63ms in Scene_Map (n=167/200) dt=ol:0/sh:0/pt:0 dt_ms=0 tr_ms=1 gu_ms=4 mm_cache=0 gc=37/1522869
[14:06:18] Slow frame: 36ms in Scene_Map (n=168/200) dt=ol:0/sh:0/pt:0 dt_ms=0 tr_ms=1 gu_ms=30 mm_cache=0 gc=37/1523753
[14:06:18] Slow frame: 49ms in Scene_Map (n=169/200) dt=ol:0/sh:0/pt:0 dt_ms=0 tr_ms=2 gu_ms=27 mm_cache=0 gc=37/1524815
[14:06:18] Slow frame: 50ms in Scene_Map (n=170/200) dt=ol:0/sh:0/pt:0 dt_ms=0 tr_ms=3 gu_ms=27 mm_cache=0 gc=37/1525907
[14:06:18] Slow frame: 48ms in Scene_Map (n=171/200) dt=ol:0/sh:0/pt:0 dt_ms=0 tr_ms=2 gu_ms=35 mm_cache=0 gc=37/1526941
[14:06:18] Slow frame: 49ms in Scene_Map (n=172/200) dt=ol:0/sh:0/pt:0 dt_ms=0 tr_ms=2 gu_ms=42 mm_cache=0 gc=37/1527896
[14:06:18] Slow frame: 51ms in Scene_Map (n=173/200) dt=ol:0/sh:0/pt:0 dt_ms=0 tr_ms=3 gu_ms=43 mm_cache=0 gc=37/1528937
[14:06:18] Slow frame: 48ms in Scene_Map (n=174/200) dt=ol:0/sh:0/pt:0 dt_ms=0 tr_ms=2 gu_ms=40 mm_cache=0 gc=37/1529974
[14:06:18] Slow frame: 49ms in Scene_Map (n=175/200) dt=ol:0/sh:0/pt:0 dt_ms=0 tr_ms=1 gu_ms=43 mm_cache=0 gc=37/1531007
[14:06:18] Slow frame: 50ms in Scene_Map (n=176/200) dt=ol:0/sh:0/pt:0 dt_ms=0 tr_ms=1 gu_ms=44 mm_cache=0 gc=37/1531892
[14:06:18] Slow frame: 49ms in Scene_Map (n=177/200) dt=ol:0/sh:0/pt:0 dt_ms=0 tr_ms=1 gu_ms=44 mm_cache=0 gc=37/1532777
[14:06:18] Slow frame: 50ms in Scene_Map (n=178/200) dt=ol:0/sh:0/pt:0 dt_ms=0 tr_ms=1 gu_ms=44 mm_cache=0 gc=37/1533662
[14:06:18] Slow frame: 50ms in Scene_Map (n=179/200) dt=ol:0/sh:0/pt:0 dt_ms=0 tr_ms=1 gu_ms=44 mm_cache=0 gc=37/1534547
[14:06:18] Slow frame: 50ms in Scene_Map (n=180/200) dt=ol:0/sh:0/pt:0 dt_ms=0 tr_ms=1 gu_ms=44 mm_cache=0 gc=37/1535432
[14:06:18] Slow frame: 50ms in Scene_Map (n=181/200) dt=ol:0/sh:0/pt:0 dt_ms=0 tr_ms=1 gu_ms=43 mm_cache=0 gc=37/1536317
[14:06:18] Slow frame: 50ms in Scene_Map (n=182/200) dt=ol:0/sh:0/pt:0 dt_ms=0 tr_ms=1 gu_ms=44 mm_cache=0 gc=37/1537202
[14:06:18] Slow frame: 48ms in Scene_Map (n=183/200) dt=ol:0/sh:0/pt:0 dt_ms=0 tr_ms=1 gu_ms=36 mm_cache=0 gc=37/1538087
[14:06:18] Slow frame: 128ms in Scene_Map (n=184/200) dt=ol:0/sh:0/pt:0 dt_ms=0 tr_ms=1 gu_ms=3 mm_cache=0 gc=37/1538972
[14:06:18] Slow frame: 69ms in Scene_Map (n=185/200) dt=ol:0/sh:0/pt:0 dt_ms=0 tr_ms=1 gu_ms=33 mm_cache=0 gc=37/1539856
[14:06:18] Slow frame: 52ms in Scene_Map (n=186/200) dt=ol:0/sh:0/pt:0 dt_ms=0 tr_ms=0 gu_ms=46 mm_cache=0 gc=37/1540741
[14:06:18] Slow frame: 49ms in Scene_Map (n=187/200) dt=ol:0/sh:0/pt:0 dt_ms=0 tr_ms=1 gu_ms=43 mm_cache=0 gc=37/1541626
[14:06:18] Slow frame: 50ms in Scene_Map (n=188/200) dt=ol:0/sh:0/pt:0 dt_ms=0 tr_ms=1 gu_ms=45 mm_cache=0 gc=37/1542511
[14:06:18] Slow frame: 50ms in Scene_Map (n=189/200) dt=ol:0/sh:0/pt:0 dt_ms=0 tr_ms=1 gu_ms=44 mm_cache=0 gc=37/1543396
[14:06:18] Slow frame: 49ms in Scene_Map (n=190/200) dt=ol:0/sh:0/pt:0 dt_ms=0 tr_ms=1 gu_ms=43 mm_cache=0 gc=37/1544281
[14:06:18] Slow frame: 50ms in Scene_Map (n=191/200) dt=ol:0/sh:0/pt:0 dt_ms=0 tr_ms=1 gu_ms=45 mm_cache=0 gc=37/1545166
[14:06:18] Slow frame: 50ms in Scene_Map (n=192/200) dt=ol:0/sh:0/pt:0 dt_ms=0 tr_ms=1 gu_ms=45 mm_cache=0 gc=37/1546051
[14:06:18] Slow frame: 50ms in Scene_Map (n=193/200) dt=ol:0/sh:0/pt:0 dt_ms=0 tr_ms=1 gu_ms=43 mm_cache=0 gc=37/1546936
[14:06:18] Slow frame: 49ms in Scene_Map (n=194/200) dt=ol:0/sh:0/pt:0 dt_ms=0 tr_ms=1 gu_ms=44 mm_cache=0 gc=37/1547821
[14:06:18] Slow frame: 50ms in Scene_Map (n=195/200) dt=ol:0/sh:0/pt:0 dt_ms=0 tr_ms=1 gu_ms=45 mm_cache=0 gc=37/1548720
[14:06:18] Slow frame: 51ms in Scene_Map (n=196/200) dt=ol:0/sh:0/pt:0 dt_ms=0 tr_ms=1 gu_ms=45 mm_cache=0 gc=37/1549605
[14:06:18] Slow frame: 48ms in Scene_Map (n=197/200) dt=ol:0/sh:0/pt:0 dt_ms=0 tr_ms=2 gu_ms=36 mm_cache=0 gc=37/1550669
[14:06:18] Slow frame: 50ms in Scene_Map (n=198/200) dt=ol:0/sh:0/pt:0 dt_ms=0 tr_ms=3 gu_ms=42 mm_cache=0 gc=37/1551761
[14:06:18] Slow frame: 49ms in Scene_Map (n=199/200) dt=ol:0/sh:0/pt:0 dt_ms=0 tr_ms=2 gu_ms=41 mm_cache=0 gc=37/1552796
[14:06:18] Slow frame: 49ms in Scene_Map (n=200/200) dt=ol:0/sh:0/pt:0 dt_ms=0 tr_ms=1 gu_ms=39 mm_cache=0 gc=37/1553791
