=== XPX Audio Debug 2026-06-16 17:27:57 -0400 ===
pbSEPlay in Object: String=String
pbBGMPlay in Object: String=String
pbSEPlay in Object: String=String
pbSEPlay in Object: String=String
pbSEPlay in Object: String=String
pbSEPlay in Object: String=String
pbSEPlay in Object: String=String
pbSEPlay in Object: String=String
pbSEPlay in Object: String=String
pbSEPlay in Object: String=String
pbSEPlay in Object: String=String
pbSEPlay in Object: String=String
pbSEPlay in Object: String=String
pbSEPlay in Object: String=String
pbSEPlay in Object: String=String
pbSEPlay in Object: String=String
pbSEPlay in Object: String=String
pbSEPlay in Object: String=String
pbSEPlay in Object: String=String
pbSEPlay in Object: String=String
pbSEPlay in Object: String=String
pbSEPlay in Object: String=String
pbSEPlay in Object: String=String
pbSEPlay in Object: String=String
pbSEPlay in Object: String=String
pbSEPlay in Object: String=String
pbSEPlay in Object: String=String
pbSEPlay in Object: String=String
pbSEPlay in Object: String=String
pbSEPlay in Object: String=String
pbSEPlay in Object: String=String
pbBGMPlay in Object: RPG::AudioFile=RPG::AudioFile
pbSEPlay in Object: String=String
pbBGMPlay in Object: RPG::AudioFile=RPG::AudioFile
pbSEPlay in Object: String=String
pbSEPlay in Object: String=String
pbSEPlay in Object: RPG::AudioFile=RPG::AudioFile
pbSEPlay in Object: String=String
pbSEPlay in Object: RPG::AudioFile=RPG::AudioFile
pbSEPlay in Object: String=String
pbSEPlay in Object: String=String
pbSEPlay in Object: String=String
pbSEPlay in Object: String=String
pbSEPlay in Object: String=String
pbSEPlay in Object: String=String
pbSEPlay in Object: String=String
pbSEPlay in Object: String=String
pbSEPlay in Object: String=String
pbSEPlay in Object: String=String
pbSEPlay in Object: String=String
pbSEPlay in Object: String=String
pbSEPlay in Object: String=String
pbSEPlay in Object: String=String
pbSEPlay in Object: String=String
pbSEPlay in Object: String=String
pbSEPlay in Object: String=String
pbSEPlay in Object: String=String
pbSEPlay in Object: String=String
pbSEPlay in Object: String=String
pbSEPlay in Object: String=String
pbSEPlay in Object: String=String
pbSEPlay in Object: String=String
pbSEPlay in Object: String=String
pbSEPlay in Object: String=String
pbSEPlay in Object: String=String
pbSEPlay in Object: String=String
pbSEPlay in Object: String=String
pbSEPlay in Object: String=String
pbSEPlay in Object: String=String
pbSEPlay in Object: String=String
pbSEPlay in Object: String=String
pbSEPlay in Object: String=String
pbSEPlay in Object: String=String
pbSEPlay in Object: String=String
pbSEPlay in Object: String=String
pbSEPlay in Object: String=String
pbSEPlay in Object: String=String
pbSEPlay in Object: String=String
pbSEPlay in Object: String=String
pbSEPlay in Object: String=String
pbSEPlay in Object: String=String
pbBGMPlay in Object: RPG::AudioFile=RPG::AudioFile
pbSEPlay in Object: String=String
pbSEPlay in Object: String=String
pbSEPlay in Object: String=String
pbSEPlay in Object: String=String
pbSEPlay in Object: String=String
pbSEPlay in Object: String=String
pbMEPlay in Object: RPG::AudioFile=RPG::AudioFile
pbSEPlay in Object: String=String
pbSEPlay in Object: String=String
pbSEPlay in Object: String=String
pbSEPlay in Object: String=String
pbSEPlay in Object: String=String
pbMEPlay in Object: RPG::AudioFile=RPG::AudioFile
pbSEPlay in Object: String=String
pbSEPlay in Object: String=String
pbSEPlay in Object: String=String
pbSEPlay in Object: String=String
